01/03/2010 9:40:42 SA: Start Update shipping by admin for [6086 | HTA-6A0001] --------
01/03/2010 9:40:42 SA: Cannot find any issues for TipTop order: HTA-6A0001
01/03/2010 9:40:42 SA: Finished ----------------
01/03/2010 9:40:42 SA:  
01/03/2010 9:44:05 SA: Start Update shipping by admin for [6103 | HTA-6A0002] --------
01/03/2010 9:44:05 SA: Cannot find any issues for TipTop order: HTA-6A0002
01/03/2010 9:44:05 SA: Finished ----------------
01/03/2010 9:44:05 SA:  
01/03/2010 10:11:08 SA: Start Update shipping by admin for [6104 | HTA-6A0003] --------
01/03/2010 10:11:08 SA: Cannot find any issues for TipTop order: HTA-6A0003
01/03/2010 10:11:08 SA: Finished ----------------
01/03/2010 10:11:08 SA:  
01/03/2010 10:14:03 SA: Start Update shipping by admin for [6182 | HOA-690001] --------
01/03/2010 10:40:27 SA: Start Update shipping by admin for [6183 | HOA-690001] --------
01/03/2010 10:40:28 SA: Update issue: HTA-6A0001 with 6 items
01/03/2010 10:47:13 SA: Start Update shipping by admin for [6184 | HOA-690003] --------
01/03/2010 10:47:13 SA: Update issue: HTA-6A0012 with 5 items
01/03/2010 10:47:14 SA: Finished ----------------
01/03/2010 10:47:14 SA:  
03/03/2010 5:15:04 CH: Start Update shipping by admin for [6182 | HOA-690001] --------
03/03/2010 5:15:08 CH: Update issue: HTA-6A0001 with 6 items
03/03/2010 5:16:02 CH: Start Update shipping by admin for [6184 | HOA-690003] --------
03/03/2010 5:16:04 CH: Update issue: HTA-6A0012 with 5 items
03/03/2010 5:16:06 CH: Finished ----------------
03/03/2010 5:16:06 CH:  
03/03/2010 5:18:47 CH: Start Update shipping by admin for [6184 | HOA-690003] --------
03/03/2010 5:18:49 CH: Update issue: HTA-6A0012 with 5 items
03/03/2010 5:18:51 CH: Finished ----------------
03/03/2010 5:18:51 CH:  
04/03/2010 10:07:01 SA: Start Update shipping by admin for [6189 | HOA-690040] --------
04/03/2010 10:07:02 SA: Update issue: HTA-6A0215 with 2 items
04/03/2010 10:07:03 SA: Finished ----------------
04/03/2010 10:07:03 SA:  
04/03/2010 10:13:54 SA: Start Update shipping by admin for [6190 | HOA-690041] --------
04/03/2010 10:13:55 SA: Update issue: HTA-6A0270 with 1 items
04/03/2010 10:13:56 SA: Finished ----------------
04/03/2010 10:13:56 SA:  
04/03/2010 10:16:10 SA: Start Update shipping by admin for [6191 | HOA-690042] --------
04/03/2010 10:16:11 SA: Update issue: HTA-6A0194 with 14 items
04/03/2010 10:16:14 SA: Finished ----------------
04/03/2010 10:16:14 SA:  
04/03/2010 10:46:18 SA: Start Update shipping by admin for [6196 | HOA-6900423] --------
04/03/2010 10:46:18 SA: Cannot find any issues for TipTop order: HOA-6900423
04/03/2010 10:46:18 SA: Finished ----------------
04/03/2010 10:46:18 SA:  
04/03/2010 11:02:14 SA: Start Update shipping by admin for [6197 | HOA-690044] --------
04/03/2010 11:02:15 SA: Update issue: HTA-6A0214 with 3 items
04/03/2010 11:02:17 SA: Finished ----------------
04/03/2010 11:02:17 SA:  
04/03/2010 11:13:49 SA: Start Update shipping by admin for [6198 | HOA-690045] --------
04/03/2010 11:13:50 SA: Update issue: HTA-6A0361 with 1 items
04/03/2010 11:13:51 SA: Finished ----------------
04/03/2010 11:13:51 SA:  
04/03/2010 11:16:00 SA: Start Update shipping by admin for [6199 | HOA-690046] --------
04/03/2010 11:16:01 SA: Update issue: HTA-6A0207 with 7 items
04/03/2010 11:16:03 SA: Finished ----------------
04/03/2010 11:16:03 SA:  
